# JRE version: Java(TM) SE Runtime Environment (8.0_60-b27) (build 1.8.0_60-b27)
# Java VM: Java HotSpot(TM) 64-Bit Server VM (25.60-b23 mixed mode bsd-amd64 compressed oops)
Heap:
 PSYoungGen      total 141824K, used 2636K [0x000000076ab00000, 0x0000000774000000, 0x00000007c0000000)
  eden space 131072K, 0% used [0x000000076ab00000,0x000000076ab00000,0x0000000772b00000)
  from space 10752K, 24% used [0x0000000773580000,0x0000000773813208,0x0000000774000000)
  to   space 10752K, 0% used [0x0000000772b00000,0x0000000772b00000,0x0000000773580000)
 ParOldGen       total 81920K, used 16195K [0x00000006c0000000, 0x00000006c5000000, 0x000000076ab00000)
  object space 81920K, 19% used [0x00000006c0000000,0x00000006c0fd0c08,0x00000006c5000000)
 Metaspace       used 46463K, capacity 47145K, committed 47296K, reserved 1091584K
  class space    used 4644K, capacity 4895K, committed 4992K, reserved 1048576K
GC Heap History (10 events):
Event: 1,591 GC heap after
Heap after GC invocations=2 (full 0):
 PSYoungGen      total 141824K, used 9116K [0x000000076ab00000, 0x0000000774000000, 0x00000007c0000000)
  eden space 131072K, 0% used [0x000000076ab00000,0x000000076ab00000,0x0000000772b00000)
  from space 10752K, 84% used [0x0000000773580000,0x0000000773e67148,0x0000000774000000)
  to   space 10752K, 0% used [0x0000000772b00000,0x0000000772b00000,0x0000000773580000)
 ParOldGen       total 175104K, used 32K [0x00000006c0000000, 0x00000006cab00000, 0x000000076ab00000)
  object space 175104K, 0% used [0x00000006c0000000,0x00000006c0008000,0x00000006cab00000)
 Metaspace       used 16451K, capacity 16754K, committed 17024K, reserved 1064960K
  class space    used 1959K, capacity 2055K, committed 2176K, reserved 1048576K
}
Event: 1,591 GC heap before
{Heap before GC invocations=3 (full 1):
 PSYoungGen      total 141824K, used 9116K [0x000000076ab00000, 0x0000000774000000, 0x00000007c0000000)
  eden space 131072K, 0% used [0x000000076ab00000,0x000000076ab00000,0x0000000772b00000)
  from space 10752K, 84% used [0x0000000773580000,0x0000000773e67148,0x0000000774000000)
  to   space 10752K, 0% used [0x0000000772b00000,0x0000000772b00000,0x0000000773580000)
 ParOldGen       total 175104K, used 32K [0x00000006c0000000, 0x00000006cab00000, 0x000000076ab00000)
  object space 175104K, 0% used [0x00000006c0000000,0x00000006c0008000,0x00000006cab00000)
 Metaspace       used 16451K, capacity 16754K, committed 17024K, reserved 1064960K
  class space    used 1959K, capacity 2055K, committed 2176K, reserved 1048576K
Event: 1,623 GC heap after
Heap after GC invocations=3 (full 1):
 PSYoungGen      total 141824K, used 0K [0x000000076ab00000, 0x0000000774000000, 0x00000007c0000000)
  eden space 131072K, 0% used [0x000000076ab00000,0x000000076ab00000,0x0000000772b00000)
  from space 10752K, 0% used [0x0000000773580000,0x0000000773580000,0x0000000774000000)
  to   space 10752K, 0% used [0x0000000772b00000,0x0000000772b00000,0x0000000773580000)
 ParOldGen       total 175104K, used 8840K [0x00000006c0000000, 0x00000006cab00000, 0x000000076ab00000)
  object space 175104K, 5% used [0x00000006c0000000,0x00000006c08a2240,0x00000006cab00000)
 Metaspace       used 16451K, capacity 16754K, committed 17024K, reserved 1064960K
  class space    used 1959K, capacity 2055K, committed 2176K, reserved 1048576K
}
Event: 27,499 GC heap before
{Heap before GC invocations=4 (full 1):
 PSYoungGen      total 141824K, used 67585K [0x000000076ab00000, 0x0000000774000000, 0x00000007c0000000)
  eden space 131072K, 51% used [0x000000076ab00000,0x000000076ed00560,0x0000000772b00000)
  from space 10752K, 0% used [0x0000000773580000,0x0000000773580000,0x0000000774000000)
  to   space 10752K, 0% used [0x0000000772b00000,0x0000000772b00000,0x0000000773580000)
 ParOldGen       total 175104K, used 8840K [0x00000006c0000000, 0x00000006cab00000, 0x000000076ab00000)
  object space 175104K, 5% used [0x00000006c0000000,0x00000006c08a2240,0x00000006cab00000)
 Metaspace       used 27597K, capacity 28267K, committed 28376K, reserved 1075200K
  class space    used 3143K, capacity 3328K, committed 3328K, reserved 1048576K
Event: 27,510 GC heap after
Heap after GC invocations=4 (full 1):
 PSYoungGen      total 141824K, used 10320K [0x000000076ab00000, 0x0000000774000000, 0x00000007c0000000)
  eden space 131072K, 0% used [0x000000076ab00000,0x000000076ab00000,0x0000000772b00000)
  from space 10752K, 95% used [0x0000000772b00000,0x0000000773514140,0x0000000773580000)
  to   space 10752K, 0% used [0x0000000773580000,0x0000000773580000,0x0000000774000000)
 ParOldGen       total 175104K, used 8920K [0x00000006c0000000, 0x00000006cab00000, 0x000000076ab00000)
  object space 175104K, 5% used [0x00000006c0000000,0x00000006c08b6260,0x00000006cab00000)
 Metaspace       used 27597K, capacity 28267K, committed 28376K, reserved 1075200K
  class space    used 3143K, capacity 3328K, committed 3328K, reserved 1048576K
}
Event: 27,510 GC heap before
{Heap before GC invocations=5 (full 2):
 PSYoungGen      total 141824K, used 10320K [0x000000076ab00000, 0x0000000774000000, 0x00000007c0000000)
  eden space 131072K, 0% used [0x000000076ab00000,0x000000076ab00000,0x0000000772b00000)
  from space 10752K, 95% used [0x0000000772b00000,0x0000000773514140,0x0000000773580000)
  to   space 10752K, 0% used [0x0000000773580000,0x0000000773580000,0x0000000774000000)
 ParOldGen       total 175104K, used 8920K [0x00000006c0000000, 0x00000006cab00000, 0x000000076ab00000)
  object space 175104K, 5% used [0x00000006c0000000,0x00000006c08b6260,0x00000006cab00000)
 Metaspace       used 27597K, capacity 28267K, committed 28376K, reserved 1075200K
  class space    used 3143K, capacity 3328K, committed 3328K, reserved 1048576K
Event: 27,546 GC heap after
Heap after GC invocations=5 (full 2):
 PSYoungGen      total 141824K, used 0K [0x000000076ab00000, 0x0000000774000000, 0x00000007c0000000)
  eden space 131072K, 0% used [0x000000076ab00000,0x000000076ab00000,0x0000000772b00000)
  from space 10752K, 0% used [0x0000000772b00000,0x0000000772b00000,0x0000000773580000)
  to   space 10752K, 0% used [0x0000000773580000,0x0000000773580000,0x0000000774000000)
 ParOldGen       total 81920K, used 16195K [0x00000006c0000000, 0x00000006c5000000, 0x000000076ab00000)
  object space 81920K, 19% used [0x00000006c0000000,0x00000006c0fd0c08,0x00000006c5000000)
 Metaspace       used 27597K, capacity 28267K, committed 28376K, reserved 1075200K
  class space    used 3143K, capacity 3328K, committed 3328K, reserved 1048576K
}
Event: 50,696 GC heap before
{Heap before GC invocations=6 (full 2):
 PSYoungGen      total 141824K, used 22003K [0x000000076ab00000, 0x0000000774000000, 0x00000007c0000000)
  eden space 131072K, 16% used [0x000000076ab00000,0x000000076c07cd40,0x0000000772b00000)
  from space 10752K, 0% used [0x0000000772b00000,0x0000000772b00000,0x0000000773580000)
  to   space 10752K, 0% used [0x0000000773580000,0x0000000773580000,0x0000000774000000)
 ParOldGen       total 81920K, used 16195K [0x00000006c0000000, 0x00000006c5000000, 0x000000076ab00000)
  object space 81920K, 19% used [0x00000006c0000000,0x00000006c0fd0c08,0x00000006c5000000)
 Metaspace       used 46463K, capacity 47145K, committed 47296K, reserved 1091584K
  class space    used 4644K, capacity 4895K, committed 4992K, reserved 1048576K
Event: 50,699 GC heap after
Heap after GC invocations=6 (full 2):
 PSYoungGen      total 141824K, used 2636K [0x000000076ab00000, 0x0000000774000000, 0x00000007c0000000)
  eden space 131072K, 0% used [0x000000076ab00000,0x000000076ab00000,0x0000000772b00000)
  from space 10752K, 24% used [0x0000000773580000,0x0000000773813208,0x0000000774000000)
  to   space 10752K, 0% used [0x0000000772b00000,0x0000000772b00000,0x0000000773580000)
 ParOldGen       total 81920K, used 16195K [0x00000006c0000000, 0x00000006c5000000, 0x000000076ab00000)
  object space 81920K, 19% used [0x00000006c0000000,0x00000006c0fd0c08,0x00000006c5000000)
 Metaspace       used 46463K, capacity 47145K, committed 47296K, reserved 1091584K
  class space    used 4644K, capacity 4895K, committed 4992K, reserved 1048576K
}
Event: 50,699 GC heap before
{Heap before GC invocations=7 (full 3):
 PSYoungGen      total 141824K, used 2636K [0x000000076ab00000, 0x0000000774000000, 0x00000007c0000000)
  eden space 131072K, 0% used [0x000000076ab00000,0x000000076ab00000,0x0000000772b00000)
  from space 10752K, 24% used [0x0000000773580000,0x0000000773813208,0x0000000774000000)
  to   space 10752K, 0% used [0x0000000772b00000,0x0000000772b00000,0x0000000773580000)
 ParOldGen       total 81920K, used 16195K [0x00000006c0000000, 0x00000006c5000000, 0x000000076ab00000)
  object space 81920K, 19% used [0x00000006c0000000,0x00000006c0fd0c08,0x00000006c5000000)
 Metaspace       used 46463K, capacity 47145K, committed 47296K, reserved 1091584K
  class space    used 4644K, capacity 4895K, committed 4992K, reserved 1048576K

