# JRE version: Java(TM) SE Runtime Environment (8.0_60-b27) (build 1.8.0_60-b27)
# Java VM: Java HotSpot(TM) 64-Bit Server VM (25.60-b23 mixed mode bsd-amd64 compressed oops)
Heap:
 PSYoungGen      total 141824K, used 2643K [0x000000076ab00000, 0x0000000774000000, 0x00000007c0000000)
  eden space 131072K, 0% used [0x000000076ab00000,0x000000076ab00000,0x0000000772b00000)
  from space 10752K, 24% used [0x0000000773580000,0x0000000773814f90,0x0000000774000000)
  to   space 10752K, 0% used [0x0000000772b00000,0x0000000772b00000,0x0000000773580000)
 ParOldGen       total 81920K, used 16201K [0x00000006c0000000, 0x00000006c5000000, 0x000000076ab00000)
  object space 81920K, 19% used [0x00000006c0000000,0x00000006c0fd2648,0x00000006c5000000)
 Metaspace       used 46506K, capacity 47163K, committed 47296K, reserved 1091584K
  class space    used 4648K, capacity 4900K, committed 4992K, reserved 1048576K
GC Heap History (10 events):
Event: 1,406 GC heap after
Heap after GC invocations=2 (full 0):
 PSYoungGen      total 141824K, used 9228K [0x000000076ab00000, 0x0000000774000000, 0x00000007c0000000)
  eden space 131072K, 0% used [0x000000076ab00000,0x000000076ab00000,0x0000000772b00000)
  from space 10752K, 85% used [0x0000000773580000,0x0000000773e83200,0x0000000774000000)
  to   space 10752K, 0% used [0x0000000772b00000,0x0000000772b00000,0x0000000773580000)
 ParOldGen       total 175104K, used 32K [0x00000006c0000000, 0x00000006cab00000, 0x000000076ab00000)
  object space 175104K, 0% used [0x00000006c0000000,0x00000006c0008000,0x00000006cab00000)
 Metaspace       used 16463K, capacity 16754K, committed 17024K, reserved 1064960K
  class space    used 1961K, capacity 2055K, committed 2176K, reserved 1048576K
}
Event: 1,406 GC heap before
{Heap before GC invocations=3 (full 1):
 PSYoungGen      total 141824K, used 9228K [0x000000076ab00000, 0x0000000774000000, 0x00000007c0000000)
  eden space 131072K, 0% used [0x000000076ab00000,0x000000076ab00000,0x0000000772b00000)
  from space 10752K, 85% used [0x0000000773580000,0x0000000773e83200,0x0000000774000000)
  to   space 10752K, 0% used [0x0000000772b00000,0x0000000772b00000,0x0000000773580000)
 ParOldGen       total 175104K, used 32K [0x00000006c0000000, 0x00000006cab00000, 0x000000076ab00000)
  object space 175104K, 0% used [0x00000006c0000000,0x00000006c0008000,0x00000006cab00000)
 Metaspace       used 16463K, capacity 16754K, committed 17024K, reserved 1064960K
  class space    used 1961K, capacity 2055K, committed 2176K, reserved 1048576K
Event: 1,438 GC heap after
Heap after GC invocations=3 (full 1):
 PSYoungGen      total 141824K, used 0K [0x000000076ab00000, 0x0000000774000000, 0x00000007c0000000)
  eden space 131072K, 0% used [0x000000076ab00000,0x000000076ab00000,0x0000000772b00000)
  from space 10752K, 0% used [0x0000000773580000,0x0000000773580000,0x0000000774000000)
  to   space 10752K, 0% used [0x0000000772b00000,0x0000000772b00000,0x0000000773580000)
 ParOldGen       total 175104K, used 8840K [0x00000006c0000000, 0x00000006cab00000, 0x000000076ab00000)
  object space 175104K, 5% used [0x00000006c0000000,0x00000006c08a22a8,0x00000006cab00000)
 Metaspace       used 16463K, capacity 16754K, committed 17024K, reserved 1064960K
  class space    used 1961K, capacity 2055K, committed 2176K, reserved 1048576K
}
Event: 18,271 GC heap before
{Heap before GC invocations=4 (full 1):
 PSYoungGen      total 141824K, used 68715K [0x000000076ab00000, 0x0000000774000000, 0x00000007c0000000)
  eden space 131072K, 52% used [0x000000076ab00000,0x000000076ee1adb0,0x0000000772b00000)
  from space 10752K, 0% used [0x0000000773580000,0x0000000773580000,0x0000000774000000)
  to   space 10752K, 0% used [0x0000000772b00000,0x0000000772b00000,0x0000000773580000)
 ParOldGen       total 175104K, used 8840K [0x00000006c0000000, 0x00000006cab00000, 0x000000076ab00000)
  object space 175104K, 5% used [0x00000006c0000000,0x00000006c08a22a8,0x00000006cab00000)
 Metaspace       used 27671K, capacity 28203K, committed 28376K, reserved 1075200K
  class space    used 3160K, capacity 3328K, committed 3328K, reserved 1048576K
Event: 18,281 GC heap after
Heap after GC invocations=4 (full 1):
 PSYoungGen      total 141824K, used 10315K [0x000000076ab00000, 0x0000000774000000, 0x00000007c0000000)
  eden space 131072K, 0% used [0x000000076ab00000,0x000000076ab00000,0x0000000772b00000)
  from space 10752K, 95% used [0x0000000772b00000,0x0000000773512e38,0x0000000773580000)
  to   space 10752K, 0% used [0x0000000773580000,0x0000000773580000,0x0000000774000000)
 ParOldGen       total 175104K, used 8928K [0x00000006c0000000, 0x00000006cab00000, 0x000000076ab00000)
  object space 175104K, 5% used [0x00000006c0000000,0x00000006c08b82c8,0x00000006cab00000)
 Metaspace       used 27671K, capacity 28203K, committed 28376K, reserved 1075200K
  class space    used 3160K, capacity 3328K, committed 3328K, reserved 1048576K
}
Event: 18,281 GC heap before
{Heap before GC invocations=5 (full 2):
 PSYoungGen      total 141824K, used 10315K [0x000000076ab00000, 0x0000000774000000, 0x00000007c0000000)
  eden space 131072K, 0% used [0x000000076ab00000,0x000000076ab00000,0x0000000772b00000)
  from space 10752K, 95% used [0x0000000772b00000,0x0000000773512e38,0x0000000773580000)
  to   space 10752K, 0% used [0x0000000773580000,0x0000000773580000,0x0000000774000000)
 ParOldGen       total 175104K, used 8928K [0x00000006c0000000, 0x00000006cab00000, 0x000000076ab00000)
  object space 175104K, 5% used [0x00000006c0000000,0x00000006c08b82c8,0x00000006cab00000)
 Metaspace       used 27671K, capacity 28203K, committed 28376K, reserved 1075200K
  class space    used 3160K, capacity 3328K, committed 3328K, reserved 1048576K
Event: 18,318 GC heap after
Heap after GC invocations=5 (full 2):
 PSYoungGen      total 141824K, used 0K [0x000000076ab00000, 0x0000000774000000, 0x00000007c0000000)
  eden space 131072K, 0% used [0x000000076ab00000,0x000000076ab00000,0x0000000772b00000)
  from space 10752K, 0% used [0x0000000772b00000,0x0000000772b00000,0x0000000773580000)
  to   space 10752K, 0% used [0x0000000773580000,0x0000000773580000,0x0000000774000000)
 ParOldGen       total 81920K, used 16193K [0x00000006c0000000, 0x00000006c5000000, 0x000000076ab00000)
  object space 81920K, 19% used [0x00000006c0000000,0x00000006c0fd0648,0x00000006c5000000)
 Metaspace       used 27671K, capacity 28203K, committed 28376K, reserved 1075200K
  class space    used 3160K, capacity 3328K, committed 3328K, reserved 1048576K
}
Event: 68,411 GC heap before
{Heap before GC invocations=6 (full 2):
 PSYoungGen      total 141824K, used 26113K [0x000000076ab00000, 0x0000000774000000, 0x00000007c0000000)
  eden space 131072K, 19% used [0x000000076ab00000,0x000000076c480508,0x0000000772b00000)
  from space 10752K, 0% used [0x0000000772b00000,0x0000000772b00000,0x0000000773580000)
  to   space 10752K, 0% used [0x0000000773580000,0x0000000773580000,0x0000000774000000)
 ParOldGen       total 81920K, used 16193K [0x00000006c0000000, 0x00000006c5000000, 0x000000076ab00000)
  object space 81920K, 19% used [0x00000006c0000000,0x00000006c0fd0648,0x00000006c5000000)
 Metaspace       used 46506K, capacity 47163K, committed 47296K, reserved 1091584K
  class space    used 4648K, capacity 4900K, committed 4992K, reserved 1048576K
Event: 68,413 GC heap after
Heap after GC invocations=6 (full 2):
 PSYoungGen      total 141824K, used 2643K [0x000000076ab00000, 0x0000000774000000, 0x00000007c0000000)
  eden space 131072K, 0% used [0x000000076ab00000,0x000000076ab00000,0x0000000772b00000)
  from space 10752K, 24% used [0x0000000773580000,0x0000000773814f90,0x0000000774000000)
  to   space 10752K, 0% used [0x0000000772b00000,0x0000000772b00000,0x0000000773580000)
 ParOldGen       total 81920K, used 16201K [0x00000006c0000000, 0x00000006c5000000, 0x000000076ab00000)
  object space 81920K, 19% used [0x00000006c0000000,0x00000006c0fd2648,0x00000006c5000000)
 Metaspace       used 46506K, capacity 47163K, committed 47296K, reserved 1091584K
  class space    used 4648K, capacity 4900K, committed 4992K, reserved 1048576K
}
Event: 68,413 GC heap before
{Heap before GC invocations=7 (full 3):
 PSYoungGen      total 141824K, used 2643K [0x000000076ab00000, 0x0000000774000000, 0x00000007c0000000)
  eden space 131072K, 0% used [0x000000076ab00000,0x000000076ab00000,0x0000000772b00000)
  from space 10752K, 24% used [0x0000000773580000,0x0000000773814f90,0x0000000774000000)
  to   space 10752K, 0% used [0x0000000772b00000,0x0000000772b00000,0x0000000773580000)
 ParOldGen       total 81920K, used 16201K [0x00000006c0000000, 0x00000006c5000000, 0x000000076ab00000)
  object space 81920K, 19% used [0x00000006c0000000,0x00000006c0fd2648,0x00000006c5000000)
 Metaspace       used 46506K, capacity 47163K, committed 47296K, reserved 1091584K
  class space    used 4648K, capacity 4900K, committed 4992K, reserved 1048576K

